<?xml version="1.0" encoding="UTF-8"?>
<!-- Generated by org.testng.reporters.JUnitReportReporter -->
<testsuite hostname="LAPTOP-2QC3IUED" failures="0" tests="4" name="com.dataprovider.Testing" time="0.057" errors="0" timestamp="2024-05-26T16:07:56 IST" skipped="0">
  <testcase classname="com.dataprovider.Testing" name="m1" time="0.013"/>
  <testcase classname="com.dataprovider.Testing" name="m1" time="0.020"/>
  <testcase classname="com.dataprovider.Testing" name="m1" time="0.014"/>
  <testcase classname="com.dataprovider.Testing" name="m1" time="0.010"/>
</testsuite> <!-- com.dataprovider.Testing -->
