<?xml version="1.0" encoding="UTF-8"?>
<!-- Generated by org.testng.reporters.JUnitReportReporter -->
<testsuite hostname="LAPTOP-2QC3IUED" failures="0" tests="5" name="com.dependsonmethods.A" time="0.139" errors="0" timestamp="2024-05-26T08:52:48 IST" skipped="0">
  <testcase classname="com.dependsonmethods.A" name="m4" time="0.016"/>
  <testcase classname="com.dependsonmethods.A" name="m2" time="0.011"/>
  <testcase classname="com.dependsonmethods.A" name="m5" time="0.032"/>
  <testcase classname="com.dependsonmethods.A" name="m3" time="0.068"/>
  <testcase classname="com.dependsonmethods.A" name="m1" time="0.012"/>
</testsuite> <!-- com.dependsonmethods.A -->
