<?xml version="1.0" encoding="UTF-8"?>
<!-- Generated by org.testng.reporters.JUnitReportReporter -->
<testsuite hostname="LAPTOP-2QC3IUED" failures="0" tests="1" name="com.groups.Smoke" time="0.032" errors="0" timestamp="2024-05-26T08:31:38 IST" skipped="0">
  <testcase classname="com.groups.Smoke" name="m1" time="0.032"/>
</testsuite> <!-- com.groups.Smoke -->
