<?xml version="1.0" encoding="UTF-8"?>
<!-- Generated by org.testng.reporters.JUnitReportReporter -->
<testsuite hostname="LAPTOP-2QC3IUED" failures="0" tests="2" name="com.twoclassrunsame.sample" time="0.009" errors="0" timestamp="2024-05-24T16:27:20 IST" skipped="0">
  <testcase classname="com.twoclassrunsame.sample" name="m2" time="0.004"/>
  <testcase classname="com.twoclassrunsame.sample" name="m1" time="0.005"/>
</testsuite> <!-- com.twoclassrunsame.sample -->
