<?xml version="1.0" encoding="UTF-8"?>
<!-- Generated by org.testng.reporters.JUnitReportReporter -->
<testsuite hostname="LAPTOP-2QC3IUED" failures="0" tests="3" name="com.parameters.CrossBrowserTesting" time="245.126" errors="0" timestamp="2024-05-26T13:53:34 IST" skipped="0">
  <testcase classname="com.parameters.CrossBrowserTesting" name="openurl" time="112.098"/>
  <testcase classname="com.parameters.CrossBrowserTesting" name="openurl" time="67.594"/>
  <testcase classname="com.parameters.CrossBrowserTesting" name="openurl" time="65.434"/>
</testsuite> <!-- com.parameters.CrossBrowserTesting -->
