<?xml version="1.0" encoding="UTF-8"?>
<!-- Generated by org.testng.reporters.JUnitReportReporter -->
<testsuite hostname="LAPTOP-2QC3IUED" failures="0" tests="1" name="com.beforeclass.B" time="0.017" errors="0" timestamp="2024-05-24T16:43:49 IST" skipped="0">
  <testcase classname="com.beforeclass.B" name="m1" time="0.017"/>
</testsuite> <!-- com.beforeclass.B -->
