<?xml version="1.0" encoding="UTF-8"?>
<!-- Generated by org.testng.reporters.JUnitReportReporter -->
<testsuite hostname="LAPTOP-2QC3IUED" failures="0" tests="1" name="com.twoclassrunsame.sample1" time="0.024" errors="0" timestamp="2024-05-24T16:27:20 IST" skipped="0">
  <testcase classname="com.twoclassrunsame.sample1" name="m3" time="0.024"/>
</testsuite> <!-- com.twoclassrunsame.sample1 -->
