<?xml version="1.0" encoding="UTF-8"?>
<!-- Generated by org.testng.reporters.JUnitReportReporter -->
<testsuite hostname="LAPTOP-2QC3IUED" failures="0" tests="2" name="com.annotations.TestAnnotations" time="0.044" errors="0" timestamp="2024-05-24T14:55:55 IST" skipped="0">
  <testcase classname="com.annotations.TestAnnotations" name="m1" time="0.026"/>
  <testcase classname="com.annotations.TestAnnotations" name="m2" time="0.018"/>
</testsuite> <!-- com.annotations.TestAnnotations -->
