<?xml version="1.0" encoding="UTF-8"?>
<!-- Generated by org.testng.reporters.JUnitReportReporter -->
<testsuite hostname="LAPTOP-2QC3IUED" failures="0" tests="1" name="com.Assert.Equal" time="51.556" errors="0" timestamp="2024-05-24T15:19:36 IST" skipped="0">
  <testcase classname="com.Assert.Equal" name="openBrowser" time="51.556"/>
</testsuite> <!-- com.Assert.Equal -->
